#
# There is insufficient memory for the Java Runtime Environment to continue.
# Native memory allocation (mmap) failed to map 266338304 bytes. Error detail: G1 virtual space
# Possible reasons:
#   The system is out of physical RAM or swap space
#   This process is running with CompressedOops enabled, and the Java Heap may be blocking the growth of the native heap
# Possible solutions:
#   Reduce memory load on the system
#   Increase physical memory or swap space
#   Check if swap backing store is full
#   Decrease Java heap size (-Xmx/-Xms)
#   Decrease number of Java threads
#   Decrease Java thread stack sizes (-Xss)
#   Set larger code cache with -XX:ReservedCodeCacheSize=
#   JVM is running with Zero Based Compressed Oops mode in which the Java heap is
#     placed in the first 32GB address space. The Java Heap base address is the
#     maximum limit for the native heap growth. Please use -XX:HeapBaseMinAddress
#     to set the Java Heap base and to place the Java Heap above 32GB virtual address.
# This output file may be truncated or incomplete.
#
#  Out of Memory Error (os_windows.cpp:3825), pid=11100, tid=5448
#
# JRE version:  (17.0.11) (build )
# Java VM: OpenJDK 64-Bit Server VM (17.0.11+0--11852314, mixed mode, sharing, tiered, compressed oops, compressed class ptrs, g1 gc, windows-amd64)
# No core dump will be written. Minidumps are not enabled by default on client versions of Windows
#

---------------  S U M M A R Y ------------

Command Line: org.jetbrains.kotlin.cli.jvm.K2JVMCompiler @C:\Users\proshian\AndroidStudioProjects\TensorboardViewer\app\build\20260116_3777192257203210588.compiler.options

Host: Intel(R) Core(TM) i3-6100U CPU @ 2.30GHz, 4 cores, 15G,  Windows 10 , 64 bit Build 19041 (10.0.19041.5915)
Time: Fri Jan 16 20:45:33 2026 RTZ 2 (s 10 , 64 bit Build 19041 (10.0.19041.5915) elapsed time: 0.072812 seconds (0d 0h 0m 0s)

---------------  T H R E A D  ---------------

Current thread (0x0000021d533b00a0):  JavaThread "Unknown thread" [_thread_in_vm, id=5448, stack(0x0000008a12900000,0x0000008a12a00000)]

Stack: [0x0000008a12900000,0x0000008a12a00000]
Native frames: (J=compiled Java code, j=interpreted, Vv=VM code, C=native code)
V  [jvm.dll+0x687bb9]
V  [jvm.dll+0x84142a]
V  [jvm.dll+0x8430ae]
V  [jvm.dll+0x843713]
V  [jvm.dll+0x24a35f]
V  [jvm.dll+0x684989]
V  [jvm.dll+0x67923a]
V  [jvm.dll+0x30af0b]
V  [jvm.dll+0x3123b6]
V  [jvm.dll+0x361dfe]
V  [jvm.dll+0x36202f]
V  [jvm.dll+0x2e0d38]
V  [jvm.dll+0x2e1ca4]
V  [jvm.dll+0x811f21]
V  [jvm.dll+0x36fb68]
V  [jvm.dll+0x7f0896]
V  [jvm.dll+0x3f3d2f]
V  [jvm.dll+0x3f58e1]
C  [jli.dll+0x528f]
C  [ucrtbase.dll+0x21bb2]
C  [KERNEL32.DLL+0x17374]
C  [ntdll.dll+0x4cc91]


---------------  P R O C E S S  ---------------

Threads class SMR info:
_java_thread_list=0x00007ffcb909efd8, length=0, elements={
}

Java Threads: ( => current thread )

Other Threads:
  0x0000021d5341b060 GCTaskThread "GC Thread#0" [stack: 0x0000008a12a00000,0x0000008a12b00000] [id=17092]
  0x0000021d5342bdb0 ConcurrentGCThread "G1 Main Marker" [stack: 0x0000008a12b00000,0x0000008a12c00000] [id=24624]
  0x0000021d5342cf70 ConcurrentGCThread "G1 Conc#0" [stack: 0x0000008a12c00000,0x0000008a12d00000] [id=10996]

[error occurred during error reporting (printing all threads), id 0xc0000005, EXCEPTION_ACCESS_VIOLATION (0xc0000005) at pc=0x00007ffcb8851907]

VM state: not at safepoint (not fully initialized)

VM Mutex/Monitor currently owned by a thread:  ([mutex/lock_event])
[0x0000021d533ac100] Heap_lock - owner thread: 0x0000021d533b00a0

Heap address: 0x0000000702000000, size: 4064 MB, Compressed Oops mode: Zero based, Oop shift amount: 3

CDS archive(s) mapped at: [0x0000000000000000-0x0000000000000000-0x0000000000000000), size 0, SharedBaseAddress: 0x0000000800000000, ArchiveRelocationMode: 1.
Narrow klass base: 0x0000000000000000, Narrow klass shift: 0, Narrow klass range: 0x0

GC Precious Log:
<Empty>

Heap:
 garbage-first heap   total 0K, used 0K [0x0000000702000000, 0x0000000800000000)
  region size 2048K, 0 young (0K), 0 survivors (0K)
 Metaspace       used 0K, committed 0K, reserved 0K
  class space    used 0K, committed 0K, reserved 0K

Heap Regions: E=young(eden), S=young(survivor), O=old, HS=humongous(starts), HC=humongous(continues), CS=collection set, F=free, OA=open archive, CA=closed archive, TAMS=top-at-mark-start (previous, next)

Card table byte_map: [0x0000021d66080000,0x0000021d66870000] _byte_map_base: 0x0000021d62870000

Marking Bits (Prev, Next): (CMBitMap*) 0x0000021d5341b680, (CMBitMap*) 0x0000021d5341b6c0
 Prev Bits: [0x0000021d67060000, 0x0000021d6afe0000)
 Next Bits: [0x0000021d6afe0000, 0x0000021d6ef60000)

GC Heap History (0 events):
No events

Dll operation events (1 events):
Event: 0.038 Loaded shared library C:\Program Files\Android\Android Studio\jbr\bin\java.dll

Deoptimization events (0 events):
No events

Classes unloaded (0 events):
No events

Classes redefined (0 events):
No events

Internal exceptions (0 events):
No events

VM Operations (0 events):
No events

Events (0 events):
No events


Dynamic libraries:
0x00007ff757540000 - 0x00007ff75754a000 	C:\Program Files\Android\Android Studio\jbr\bin\java.exe
0x00007ffd72f70000 - 0x00007ffd73168000 	C:\WINDOWS\SYSTEM32\ntdll.dll
0x00007ffd71320000 - 0x00007ffd713e2000 	C:\WINDOWS\System32\KERNEL32.DLL
0x00007ffd70950000 - 0x00007ffd70c46000 	C:\WINDOWS\System32\KERNELBASE.dll
0x00007ffd70630000 - 0x00007ffd70730000 	C:\WINDOWS\System32\ucrtbase.dll
0x00007ffd36aa0000 - 0x00007ffd36ab7000 	C:\Program Files\Android\Android Studio\jbr\bin\jli.dll
0x00007ffd72940000 - 0x00007ffd72ae1000 	C:\WINDOWS\System32\USER32.dll
0x00007ffd70600000 - 0x00007ffd70622000 	C:\WINDOWS\System32\win32u.dll
0x00007ffd71dc0000 - 0x00007ffd71deb000 	C:\WINDOWS\System32\GDI32.dll
0x00007ffd70730000 - 0x00007ffd70849000 	C:\WINDOWS\System32\gdi32full.dll
0x00007ffd70c50000 - 0x00007ffd70ced000 	C:\WINDOWS\System32\msvcp_win.dll
0x00007ffd5fdf0000 - 0x00007ffd5fe0b000 	C:\Program Files\Android\Android Studio\jbr\bin\VCRUNTIME140.dll
0x00007ffd5a260000 - 0x00007ffd5a4fb000 	C:\WINDOWS\WinSxS\amd64_microsoft.windows.common-controls_6595b64144ccf1df_6.0.19041.6456_none_60b8a6cb71f64256\COMCTL32.dll
0x00007ffd72170000 - 0x00007ffd7220e000 	C:\WINDOWS\System32\msvcrt.dll
0x00007ffd72030000 - 0x00007ffd7205f000 	C:\WINDOWS\System32\IMM32.DLL
0x00007ffd6c530000 - 0x00007ffd6c53c000 	C:\Program Files\Android\Android Studio\jbr\bin\vcruntime140_1.dll
0x00007ffd475c0000 - 0x00007ffd4764d000 	C:\Program Files\Android\Android Studio\jbr\bin\msvcp140.dll
0x00007ffcb8560000 - 0x00007ffcb91e3000 	C:\Program Files\Android\Android Studio\jbr\bin\server\jvm.dll
0x00007ffd71d00000 - 0x00007ffd71db1000 	C:\WINDOWS\System32\ADVAPI32.dll
0x00007ffd71f90000 - 0x00007ffd7202f000 	C:\WINDOWS\System32\sechost.dll
0x00007ffd726e0000 - 0x00007ffd72800000 	C:\WINDOWS\System32\RPCRT4.dll
0x00007ffd70f60000 - 0x00007ffd70f87000 	C:\WINDOWS\System32\bcrypt.dll
0x00007ffd70460000 - 0x00007ffd704ab000 	C:\WINDOWS\SYSTEM32\POWRPROF.dll
0x00007ffd6a590000 - 0x00007ffd6a599000 	C:\WINDOWS\SYSTEM32\WSOCK32.dll
0x00007ffd72060000 - 0x00007ffd720cb000 	C:\WINDOWS\System32\WS2_32.dll
0x00007ffd58690000 - 0x00007ffd586b7000 	C:\WINDOWS\SYSTEM32\WINMM.dll
0x00007ffd5fa00000 - 0x00007ffd5fa0a000 	C:\WINDOWS\SYSTEM32\VERSION.dll
0x00007ffd70440000 - 0x00007ffd70452000 	C:\WINDOWS\SYSTEM32\UMPDC.dll
0x00007ffd6e430000 - 0x00007ffd6e442000 	C:\WINDOWS\SYSTEM32\kernel.appcore.dll
0x00007ffd6a660000 - 0x00007ffd6a66a000 	C:\Program Files\Android\Android Studio\jbr\bin\jimage.dll
0x00007ffd64a90000 - 0x00007ffd64c91000 	C:\WINDOWS\SYSTEM32\DBGHELP.DLL
0x00007ffd52d30000 - 0x00007ffd52d64000 	C:\WINDOWS\SYSTEM32\dbgcore.DLL
0x00007ffd70e50000 - 0x00007ffd70ed2000 	C:\WINDOWS\System32\bcryptPrimitives.dll
0x00007ffd39c90000 - 0x00007ffd39cb5000 	C:\Program Files\Android\Android Studio\jbr\bin\java.dll

dbghelp: loaded successfully - version: 4.0.5 - missing functions: none
symbol engine: initialized successfully - sym options: 0x614 - pdb path: .;C:\Program Files\Android\Android Studio\jbr\bin;C:\WINDOWS\SYSTEM32;C:\WINDOWS\WinSxS\amd64_microsoft.windows.common-controls_6595b64144ccf1df_6.0.19041.6456_none_60b8a6cb71f64256;C:\Program Files\Android\Android Studio\jbr\bin\server

VM Arguments:
java_command: org.jetbrains.kotlin.cli.jvm.K2JVMCompiler @C:\Users\proshian\AndroidStudioProjects\TensorboardViewer\app\build\20260116_3777192257203210588.compiler.options
java_class_path (initial): C:\Users\proshian\.gradle\caches\modules-2\files-2.1\org.jetbrains.kotlin\kotlin-compiler-embeddable\1.9.0\2c8c3a7402becca891f12739b3e9fd2dc2adbd7a\kotlin-compiler-embeddable-1.9.0.jar;C:\Users\proshian\.gradle\caches\modules-2\files-2.1\org.jetbrains.kotlin\kotlin-stdlib\1.9.0\8ee15ef0c67dc83d874f412d84378d7f0eb50b63\kotlin-stdlib-1.9.0.jar;C:\Users\proshian\.gradle\caches\modules-2\files-2.1\org.jetbrains.kotlin\kotlin-script-runtime\1.9.0\4b3102cbbb7e1b58d9d1adf89563f00069ffa7d1\kotlin-script-runtime-1.9.0.jar;C:\Users\proshian\.gradle\caches\modules-2\files-2.1\org.jetbrains.kotlin\kotlin-reflect\1.6.10\1cbe9c92c12a94eea200d23c2bbaedaf3daf5132\kotlin-reflect-1.6.10.jar;C:\Users\proshian\.gradle\caches\modules-2\files-2.1\org.jetbrains.kotlin\kotlin-daemon-embeddable\1.9.0\186543f5e28cf8d9a0290fecc2cf34301c40a65c\kotlin-daemon-embeddable-1.9.0.jar;C:\Users\proshian\.gradle\caches\modules-2\files-2.1\org.jetbrains.intellij.deps\trove4j\1.0.20200330\3afb14d5f9ceb459d724e907a21145e8ff394f02\trove4j-1.0.20200330.jar;C:\Users\proshian\.gradle\caches\modules-2\files-2.1\org.jetbrains.kotlin\kotlin-stdlib-common\1.9.0\cd65c21cfd1eec4d44ef09f9f52b6d9f8a720636\kotlin-stdlib-common-1.9.0.jar;C:\Users\proshian\.gradle\caches\modules-2\files-2.1\org.jetbrains\annotations\13.0\919f0dfe192fb4e063e7dacadee7f8bb9a2672a9\annotations-13.0.jar
Launcher Type: SUN_STANDARD

[Global flags]
     intx CICompilerCount                          = 3                                         {product} {ergonomic}
     uint ConcGCThreads                            = 1                                         {product} {ergonomic}
     uint G1ConcRefinementThreads                  = 4                                         {product} {ergonomic}
   size_t G1HeapRegionSize                         = 2097152                                   {product} {ergonomic}
    uintx GCDrainStackTargetSize                   = 64                                        {product} {ergonomic}
   size_t InitialHeapSize                          = 266338304                                 {product} {ergonomic}
   size_t MarkStackSize                            = 4194304                                   {product} {ergonomic}
   size_t MaxHeapSize                              = 4261412864                                {product} {ergonomic}
   size_t MinHeapDeltaBytes                        = 2097152                                   {product} {ergonomic}
   size_t MinHeapSize                              = 8388608                                   {product} {ergonomic}
    uintx NonNMethodCodeHeapSize                   = 5832780                                {pd product} {ergonomic}
    uintx NonProfiledCodeHeapSize                  = 122912730                              {pd product} {ergonomic}
    uintx ProfiledCodeHeapSize                     = 122912730                              {pd product} {ergonomic}
    uintx ReservedCodeCacheSize                    = 251658240                              {pd product} {ergonomic}
     bool SegmentedCodeCache                       = true                                      {product} {ergonomic}
   size_t SoftMaxHeapSize                          = 4261412864                             {manageable} {ergonomic}
     bool UseCompressedClassPointers               = true                           {product lp64_product} {ergonomic}
     bool UseCompressedOops                        = true                           {product lp64_product} {ergonomic}
     bool UseG1GC                                  = true                                      {product} {ergonomic}
     bool UseLargePagesIndividualAllocation        = false                                  {pd product} {ergonomic}

Logging:
Log output configuration:
 #0: stdout all=warning uptime,level,tags
 #1: stderr all=off uptime,level,tags

Environment Variables:
PATH=C:\Program Files\Haskell\bin;C:\Program Files\Haskell Platform\2014.2.0.0\lib\extralibs\bin;C:\Program Files\Haskell Platform\2014.2.0.0\bin;C:\Program Files\Common Files\Oracle\Java\javapath;C:\Program Files (x86)\Common Files\Oracle\Java\javapath;C:\WINDOWS\system32;C:\WINDOWS;C:\WINDOWS\System32\Wbem;C:\WINDOWS\System32\WindowsPowerShell\v1.0\;C:\WINDOWS\System32\OpenSSH\;C:\Program Files\CMake\bin;C:\Program Files\dotnet\;C:\Program Files\Git\cmd;C:\Program Files (x86)\LLVM\bin;C:\Users\proshian\AppData\Local\Muse Hub\lib;C:\Program Files\Docker\Docker\resources\bin;C:\Program Files\nodejs\;C:\Program Files\Haskell Platform\2014.2.0.0\mingw\bin;C:\Users\proshian\AppData\Roaming\cabal\bin;C:\Users\proshian\.cargo\bin;C:\Users\proshian\AppData\Local\Programs\Python\Python311\Scripts\;C:\Users\proshian\AppData\Local\Programs\Python\Python311\;C:\Users\proshian\AppData\Local\Programs\Python\Python312\Scripts\;C:\Users\proshian\AppData\Local\Programs\Python\Python312\;C:\Users\proshian\AppData\Local\Programs\Python\Python310\Scripts\;C:\Users\proshian\AppData\Local\Programs\Python\Python310\;C:\Users\proshian\AppData\Local\Programs\Python\Python38\Scripts\;C:\Users\proshian\AppData\Local\Programs\Python\Python38\;C:\Users\proshian\AppData\Local\Microsoft\WindowsApps;C:\Users\proshian\AppData\Local\Programs\Microsoft VS Code\bin;C:\hadoop-2.10.2\bin;C:\mingw64\bin;C:\Users\proshian\AppData\Local\GitHubDesktop\bin;C:\Users\proshian\AppData\Local\Muse Hub\lib;C:\Users\proshian\AppData\Local\Pandoc\;C:\Users\proshian\AppData\Local\Muse Hub\lib;C:\Users\proshian\miniconda3;C:\Users\proshian\miniconda3\Scripts;C:\Users\proshian\miniconda3\Library\bin;C:\Users\proshian\AppData\Roaming\npm;C:\Users\proshian\AppData\Local\Python\bin
USERNAME=proshian
OS=Windows_NT
PROCESSOR_IDENTIFIER=Intel64 Family 6 Model 78 Stepping 3, GenuineIntel
TMP=C:\Users\proshian\AppData\Local\Temp
TEMP=C:\Users\proshian\AppData\Local\Temp



Periodic native trim disabled

JNI global refs:
JNI global refs: 0, weak refs: 0

JNI global refs memory usage: 0, weak refs: 0

Process memory usage:
Resident Set Size: 10816K (0% of 16645576K total physical memory with 953124K free physical memory)

OOME stack traces (most recent first):
Classloader memory used:


---------------  S Y S T E M  ---------------

OS:
 Windows 10 , 64 bit Build 19041 (10.0.19041.5915)
OS uptime: 10 days 23:38 hours
Hyper-V role detected

CPU: total 4 (initial active 4) (2 cores per cpu, 2 threads per core) family 6 model 78 stepping 3 microcode 0xf0, cx8, cmov, fxsr, ht, mmx, 3dnowpref, sse, sse2, sse3, ssse3, sse4.1, sse4.2, popcnt, lzcnt, tsc, tscinvbit, avx, avx2, aes, erms, clmul, bmi1, bmi2, rtm, adx, fma, vzeroupper, clflush, clflushopt, hv
Processor Information for all 4 processors :
  Max Mhz: 2301, Current Mhz: 2301, Mhz Limit: 2301

Memory: 4k page, system-wide physical 16255M (930M free)
TotalPageFile size 26255M (AvailPageFile size 50M)
current process WorkingSet (physical memory assigned to process): 10M, peak: 10M
current process commit charge ("private bytes"): 51M, peak: 305M

vm_info: OpenJDK 64-Bit Server VM (17.0.11+0--11852314) for windows-amd64 JRE (17.0.11+0--11852314), built on May 16 2024 21:29:20 by "androidbuild" with MS VC++ 16.10 / 16.11 (VS2019)

END.
